<?xml version="1.0" encoding="UTF-8"?>
<testng-results ignored="0" total="1" passed="1" failed="0" skipped="0">
  <reporter-output>
  </reporter-output>
  <suite started-at="2023-04-24T19:05:42 EDT" name="Default suite" finished-at="2023-04-24T19:05:49 EDT" duration-ms="7549">
    <groups>
    </groups>
    <test started-at="2023-04-24T19:05:42 EDT" name="Default test" finished-at="2023-04-24T19:05:49 EDT" duration-ms="7549">
      <class name="com.capstone.testscripts.ScenarioOneTest">
        <test-method is-config="true" signature="LunchApplication()[pri:0, instance:com.capstone.testscripts.ScenarioOneTest@3ce1e309]" started-at="2023-04-24T19:05:42 EDT" name="LunchApplication" finished-at="2023-04-24T19:05:47 EDT" duration-ms="5109" status="PASS">
          <reporter-output>
          </reporter-output>
        </test-method> <!-- LunchApplication -->
        <test-method signature="buyBackPack()[pri:0, instance:com.capstone.testscripts.ScenarioOneTest@3ce1e309]" started-at="2023-04-24T19:05:47 EDT" name="buyBackPack" finished-at="2023-04-24T19:05:49 EDT" duration-ms="2005" status="PASS">
          <reporter-output>
          </reporter-output>
        </test-method> <!-- buyBackPack -->
        <test-method is-config="true" signature="CloseBrowser()[pri:0, instance:com.capstone.testscripts.ScenarioOneTest@3ce1e309]" started-at="2023-04-24T19:05:49 EDT" name="CloseBrowser" finished-at="2023-04-24T19:05:49 EDT" duration-ms="360" status="PASS">
          <reporter-output>
          </reporter-output>
        </test-method> <!-- CloseBrowser -->
      </class> <!-- com.capstone.testscripts.ScenarioOneTest -->
    </test> <!-- Default test -->
  </suite> <!-- Default suite -->
</testng-results>
