<?xml version="1.0" encoding="UTF-8"?>
<!-- Generated by org.testng.reporters.JUnitXMLReporter -->
<testsuite ignored="0" hostname="Mehdi-Modabbir" failures="0" tests="3" name="Default test" time="4.837" errors="0" timestamp="2023-05-07T23:45:38 EDT">
  <testcase classname="goRestProject.Create_Update_Delete_user" name="CreatUser" time="2.823"/>
  <testcase classname="goRestProject.Create_Update_Delete_user" name="updateResurce" time="0.475"/>
  <testcase classname="goRestProject.Create_Update_Delete_user" name="deleteUser" time="0.97"/>
</testsuite> <!-- Default test -->
