<?xml version="1.0" encoding="UTF-8"?>
<!-- Generated by org.testng.reporters.JUnitXMLReporter -->
<testsuite ignored="0" hostname="Mehdi-Modabbir" failures="0" tests="5" name="Test" time="19.152" errors="0" timestamp="2023-04-20T11:43:37 EDT">
  <testcase classname="com.capstone.testscripts.ScenarioFiveTest" name="SorHighLow" time="2.081"/>
  <testcase classname="com.capstone.testscripts.ScenarioFourTest" name="SortProduct" time="1.184"/>
  <testcase classname="com.capstone.testscripts.ScenarioOneTest" name="buyBackPack" time="1.042"/>
  <testcase classname="com.capstone.testscripts.ScenarioThreeTest" name="VerryMsgDisp" time="0.926"/>
  <testcase classname="com.capstone.testscripts.ScenarioTwoTest" name="verifyErrMsg" time="0.387"/>
</testsuite> <!-- Test -->
